<?xml version="1.0" encoding="UTF-8"?>
<testsuite xmlns:xsi="http://www.w3.org/2001/XMLSchema-instance" xsi:noNamespaceSchemaLocation="https://maven.apache.org/surefire/maven-surefire-plugin/xsd/surefire-test-report.xsd" name="CalcTest.CalcUTest" time="42.748" tests="5" errors="0" skipped="0" failures="0">
  <properties>
[...]
</properties>
  <testcase name="testSum" classname="CalcTest.CalcUTest" time="18.275"/>
  <testcase name="testFormula" classname="CalcTest.CalcUTest" time="6.077"/>
  <testcase name="test_Formula_and_sum" classname="CalcTest.CalcUTest" time="5.719"/>
  <testcase name="testFormula_Parameter_not_match" classname="CalcTest.CalcUTest" time="6.448"/>
  <testcase name="testSumRecursive" classname="CalcTest.CalcUTest" time="5.8"/>
</testsuite>